   1              		.cpu cortex-m0
   2              		.fpu softvfp
   3              		.eabi_attribute 20, 1
   4              		.eabi_attribute 21, 1
   5              		.eabi_attribute 23, 3
   6              		.eabi_attribute 24, 1
   7              		.eabi_attribute 25, 1
   8              		.eabi_attribute 26, 1
   9              		.eabi_attribute 30, 6
  10              		.eabi_attribute 34, 0
  11              		.eabi_attribute 18, 4
  12              		.code	16
  13              		.file	"MULTIPLEXER.c"
  14              		.text
  15              	.Ltext0:
  16              		.cfi_sections	.debug_frame
  17              		.section	.text.DAVE_MUX_Init,"ax",%progbits
  18              		.align	2
  19              		.global	DAVE_MUX_Init
  20              		.code	16
  21              		.thumb_func
  23              	DAVE_MUX_Init:
  24              	.LFB38:
  25              		.file 1 "../Dave/Generated/src/DAVESupport/MULTIPLEXER.c"
   1:../Dave/Generated/src/DAVESupport/MULTIPLEXER.c **** /*******************************************************************************
   2:../Dave/Generated/src/DAVESupport/MULTIPLEXER.c **** **  DAVE App Name : DAVESupport       App Version: 1.0.44               
   3:../Dave/Generated/src/DAVESupport/MULTIPLEXER.c **** **  This file is generated by DAVE, User modification to this file will be    **
   4:../Dave/Generated/src/DAVESupport/MULTIPLEXER.c **** **  overwritten at the next code generation.                                  **
   5:../Dave/Generated/src/DAVESupport/MULTIPLEXER.c **** *******************************************************************************/
   6:../Dave/Generated/src/DAVESupport/MULTIPLEXER.c **** 
   7:../Dave/Generated/src/DAVESupport/MULTIPLEXER.c **** 
   8:../Dave/Generated/src/DAVESupport/MULTIPLEXER.c **** /*******************************************************************************
   9:../Dave/Generated/src/DAVESupport/MULTIPLEXER.c ****  Copyright (c) 2014, Infineon Technologies AG                                 **
  10:../Dave/Generated/src/DAVESupport/MULTIPLEXER.c ****  All rights reserved.                                                         **
  11:../Dave/Generated/src/DAVESupport/MULTIPLEXER.c ****                                                                               **
  12:../Dave/Generated/src/DAVESupport/MULTIPLEXER.c ****  Redistribution and use in source and binary forms, with or without           **
  13:../Dave/Generated/src/DAVESupport/MULTIPLEXER.c ****  modification,are permitted provided that the following conditions are met:   **
  14:../Dave/Generated/src/DAVESupport/MULTIPLEXER.c ****                                                                               **
  15:../Dave/Generated/src/DAVESupport/MULTIPLEXER.c ****  *Redistributions of source code must retain the above copyright notice,      **
  16:../Dave/Generated/src/DAVESupport/MULTIPLEXER.c ****  this list of conditions and the following disclaimer.                        **
  17:../Dave/Generated/src/DAVESupport/MULTIPLEXER.c ****  *Redistributions in binary form must reproduce the above copyright notice,   **
  18:../Dave/Generated/src/DAVESupport/MULTIPLEXER.c ****  this list of conditions and the following disclaimer in the documentation    **
  19:../Dave/Generated/src/DAVESupport/MULTIPLEXER.c ****  and/or other materials provided with the distribution.                       **
  20:../Dave/Generated/src/DAVESupport/MULTIPLEXER.c ****  *Neither the name of the copyright holders nor the names of its contributors **
  21:../Dave/Generated/src/DAVESupport/MULTIPLEXER.c ****  may be used to endorse or promote products derived from this software without**
  22:../Dave/Generated/src/DAVESupport/MULTIPLEXER.c ****  specific prior written permission.                                           **
  23:../Dave/Generated/src/DAVESupport/MULTIPLEXER.c ****                                                                               **
  24:../Dave/Generated/src/DAVESupport/MULTIPLEXER.c ****  THIS SOFTWARE IS PROVIDED BY THE COPYRIGHT HOLDERS AND CONTRIBUTORS "AS IS"  **
  25:../Dave/Generated/src/DAVESupport/MULTIPLEXER.c ****  AND ANY EXPRESS OR IMPLIED WARRANTIES, INCLUDING, BUT NOT LIMITED TO, THE    **
  26:../Dave/Generated/src/DAVESupport/MULTIPLEXER.c ****  IMPLIED WARRANTIES OF MERCHANTABILITY AND FITNESS FOR A PARTICULAR PURPOSE   **
  27:../Dave/Generated/src/DAVESupport/MULTIPLEXER.c ****  ARE  DISCLAIMED. IN NO EVENT SHALL THE COPYRIGHT HOLDER OR CONTRIBUTORS BE   **
  28:../Dave/Generated/src/DAVESupport/MULTIPLEXER.c ****  LIABLE  FOR ANY DIRECT, INDIRECT, INCIDENTAL, SPECIAL, EXEMPLARY, OR         **
  29:../Dave/Generated/src/DAVESupport/MULTIPLEXER.c ****  CONSEQUENTIAL DAMAGES (INCLUDING, BUT NOT LIMITED TO, PROCUREMENT OF         **
  30:../Dave/Generated/src/DAVESupport/MULTIPLEXER.c ****  SUBSTITUTE GOODS OR  SERVICES; LOSS OF USE, DATA, OR PROFITS; OR BUSINESS    **
  31:../Dave/Generated/src/DAVESupport/MULTIPLEXER.c ****  INTERRUPTION) HOWEVER CAUSED AND ON ANY THEORY OF LIABILITY, WHETHER IN      **
  32:../Dave/Generated/src/DAVESupport/MULTIPLEXER.c ****  CONTRACT, STRICT LIABILITY,OR TORT (INCLUDING NEGLIGENCE OR OTHERWISE)       **
  33:../Dave/Generated/src/DAVESupport/MULTIPLEXER.c ****  ARISING IN ANY WAY OUT OF THE USE OF THIS SOFTWARE, EVEN IF ADVISED OF THE   **
  34:../Dave/Generated/src/DAVESupport/MULTIPLEXER.c ****  POSSIBILITY OF SUCH DAMAGE.                                                  **
  35:../Dave/Generated/src/DAVESupport/MULTIPLEXER.c ****                                                                               **
  36:../Dave/Generated/src/DAVESupport/MULTIPLEXER.c ****  To improve the quality of the software, users are encouraged to share        **
  37:../Dave/Generated/src/DAVESupport/MULTIPLEXER.c ****  modifications, enhancements or bug fixes with Infineon Technologies AG       **
  38:../Dave/Generated/src/DAVESupport/MULTIPLEXER.c ****  dave@infineon.com).                                                          **
  39:../Dave/Generated/src/DAVESupport/MULTIPLEXER.c ****                                                                               **
  40:../Dave/Generated/src/DAVESupport/MULTIPLEXER.c **** ********************************************************************************
  41:../Dave/Generated/src/DAVESupport/MULTIPLEXER.c **** **                                                                            **
  42:../Dave/Generated/src/DAVESupport/MULTIPLEXER.c **** **                                                                            **
  43:../Dave/Generated/src/DAVESupport/MULTIPLEXER.c **** ** PLATFORM : Infineon <Microcontroller name, step>                           **
  44:../Dave/Generated/src/DAVESupport/MULTIPLEXER.c **** **                                                                            **
  45:../Dave/Generated/src/DAVESupport/MULTIPLEXER.c **** ** COMPILER : Compiler Independent                                            **
  46:../Dave/Generated/src/DAVESupport/MULTIPLEXER.c **** **                                                                            **
  47:../Dave/Generated/src/DAVESupport/MULTIPLEXER.c **** ** MODIFICATION DATE : April 23, 2014                                     **
  48:../Dave/Generated/src/DAVESupport/MULTIPLEXER.c **** **                                                                            **
  49:../Dave/Generated/src/DAVESupport/MULTIPLEXER.c **** *******************************************************************************/
  50:../Dave/Generated/src/DAVESupport/MULTIPLEXER.c **** /**
  51:../Dave/Generated/src/DAVESupport/MULTIPLEXER.c ****  * @file  MULTIPLEXER.c
  52:../Dave/Generated/src/DAVESupport/MULTIPLEXER.c ****  *
  53:../Dave/Generated/src/DAVESupport/MULTIPLEXER.c ****  * @brief This file contains implementation of DAVE Support function which 
  54:../Dave/Generated/src/DAVESupport/MULTIPLEXER.c ****  * uses to configure multiplexer register values.
  55:../Dave/Generated/src/DAVESupport/MULTIPLEXER.c ****  * 24 July 2013 v1.0.34 Initial Version
  56:../Dave/Generated/src/DAVESupport/MULTIPLEXER.c ****  * 06 sep 2013 v1.0.36  UART001 : Mux : One instruction for output pins 
  57:../Dave/Generated/src/DAVESupport/MULTIPLEXER.c ****  *                      initialisation.
  58:../Dave/Generated/src/DAVESupport/MULTIPLEXER.c ****  *                      CAN001 & CAN002 : Avoid twice reset of the INIT bit in 
  59:../Dave/Generated/src/DAVESupport/MULTIPLEXER.c ****  *                      Can001_lNodeInit & DAVE_MUX_Init.
  60:../Dave/Generated/src/DAVESupport/MULTIPLEXER.c ****  *                      WR_REGHIB Macro definition has been changed.
  61:../Dave/Generated/src/DAVESupport/MULTIPLEXER.c ****  * 23 April 2014 v1.0.44 HRPWM MUX configuration supported.                      
  62:../Dave/Generated/src/DAVESupport/MULTIPLEXER.c ****  *                      
  63:../Dave/Generated/src/DAVESupport/MULTIPLEXER.c ****  */
  64:../Dave/Generated/src/DAVESupport/MULTIPLEXER.c **** 
  65:../Dave/Generated/src/DAVESupport/MULTIPLEXER.c **** /*******************************************************************************
  66:../Dave/Generated/src/DAVESupport/MULTIPLEXER.c **** **                      Include Files                                         **
  67:../Dave/Generated/src/DAVESupport/MULTIPLEXER.c **** *******************************************************************************/
  68:../Dave/Generated/src/DAVESupport/MULTIPLEXER.c **** #include "../../inc/DAVESupport/DAVE3.h"
  69:../Dave/Generated/src/DAVESupport/MULTIPLEXER.c **** 
  70:../Dave/Generated/src/DAVESupport/MULTIPLEXER.c **** /*******************************************************************************
  71:../Dave/Generated/src/DAVESupport/MULTIPLEXER.c **** **                 Function declarations                                     **
  72:../Dave/Generated/src/DAVESupport/MULTIPLEXER.c **** *******************************************************************************/
  73:../Dave/Generated/src/DAVESupport/MULTIPLEXER.c **** /*******************************************************************************
  74:../Dave/Generated/src/DAVESupport/MULTIPLEXER.c **** ** Syntax           : void DAVE_MUX_Init(void)                                **
  75:../Dave/Generated/src/DAVESupport/MULTIPLEXER.c **** **                                                                            **
  76:../Dave/Generated/src/DAVESupport/MULTIPLEXER.c **** ** Reentrancy       : None                                                    **
  77:../Dave/Generated/src/DAVESupport/MULTIPLEXER.c **** **                                                                            **
  78:../Dave/Generated/src/DAVESupport/MULTIPLEXER.c **** ** Parameters (in)  : void                                                    **
  79:../Dave/Generated/src/DAVESupport/MULTIPLEXER.c **** **                                                                            **
  80:../Dave/Generated/src/DAVESupport/MULTIPLEXER.c **** ** Parameters (out) : none                                                    **
  81:../Dave/Generated/src/DAVESupport/MULTIPLEXER.c **** **                                                                            **
  82:../Dave/Generated/src/DAVESupport/MULTIPLEXER.c **** ** Return value     : none                                                    **
  83:../Dave/Generated/src/DAVESupport/MULTIPLEXER.c **** **                                                                            **
  84:../Dave/Generated/src/DAVESupport/MULTIPLEXER.c **** ** Description      : This is the Mux configuration                           **
  85:../Dave/Generated/src/DAVESupport/MULTIPLEXER.c **** **                                                                            **
  86:../Dave/Generated/src/DAVESupport/MULTIPLEXER.c **** *******************************************************************************/
  87:../Dave/Generated/src/DAVESupport/MULTIPLEXER.c ****            
  88:../Dave/Generated/src/DAVESupport/MULTIPLEXER.c **** void DAVE_MUX_Init(void)
  89:../Dave/Generated/src/DAVESupport/MULTIPLEXER.c **** {  
  26              		.loc 1 89 0
  27              		.cfi_startproc
  28 0000 80B5     		push	{r7, lr}
  29              	.LCFI0:
  30              		.cfi_def_cfa_offset 8
  31              		.cfi_offset 7, -8
  32              		.cfi_offset 14, -4
  33 0002 86B0     		sub	sp, sp, #24
  34              	.LCFI1:
  35              		.cfi_def_cfa_offset 32
  36 0004 00AF     		add	r7, sp, #0
  37              	.LCFI2:
  38              		.cfi_def_cfa_register 7
  90:../Dave/Generated/src/DAVESupport/MULTIPLEXER.c ****    	 
  91:../Dave/Generated/src/DAVESupport/MULTIPLEXER.c ****             	         
  92:../Dave/Generated/src/DAVESupport/MULTIPLEXER.c ****                                      
  93:../Dave/Generated/src/DAVESupport/MULTIPLEXER.c ****        /*        SCU Macro definitions     */                  
  94:../Dave/Generated/src/DAVESupport/MULTIPLEXER.c ****    	 
  95:../Dave/Generated/src/DAVESupport/MULTIPLEXER.c ****       
  96:../Dave/Generated/src/DAVESupport/MULTIPLEXER.c **** //********* MODULE USIC CONFIGURATIONS *************************	        
  97:../Dave/Generated/src/DAVESupport/MULTIPLEXER.c ****         
  98:../Dave/Generated/src/DAVESupport/MULTIPLEXER.c ****            
  99:../Dave/Generated/src/DAVESupport/MULTIPLEXER.c ****    /* Disable mode before configuring all USIC registers to avoid unintended edges */   
 100:../Dave/Generated/src/DAVESupport/MULTIPLEXER.c ****       /* Variable to store the CCR_MODE values for various USIC channels */ 
 101:../Dave/Generated/src/DAVESupport/MULTIPLEXER.c ****       uint32_t UsicCcrMode[6] = {0};
  39              		.loc 1 101 0
  40 0006 3B1C     		mov	r3, r7
  41 0008 0022     		mov	r2, #0
  42 000a 1A60     		str	r2, [r3]
  43 000c 0433     		add	r3, r3, #4
  44 000e 0022     		mov	r2, #0
  45 0010 1A60     		str	r2, [r3]
  46 0012 0433     		add	r3, r3, #4
  47 0014 0022     		mov	r2, #0
  48 0016 1A60     		str	r2, [r3]
  49 0018 0433     		add	r3, r3, #4
  50 001a 0022     		mov	r2, #0
  51 001c 1A60     		str	r2, [r3]
  52 001e 0433     		add	r3, r3, #4
  53 0020 0022     		mov	r2, #0
  54 0022 1A60     		str	r2, [r3]
  55 0024 0433     		add	r3, r3, #4
  56 0026 0022     		mov	r2, #0
  57 0028 1A60     		str	r2, [r3]
  58 002a 0433     		add	r3, r3, #4
 102:../Dave/Generated/src/DAVESupport/MULTIPLEXER.c ****            
 103:../Dave/Generated/src/DAVESupport/MULTIPLEXER.c ****     UsicCcrMode[0] |= (uint32_t) RD_REG(USIC0_CH0->CCR, USIC_CH_CCR_MODE_Msk, USIC_CH_CCR_MODE_Pos)
  59              		.loc 1 103 0
  60 002c 3B1C     		mov	r3, r7
  61 002e 1A68     		ldr	r2, [r3]
  62 0030 9023     		mov	r3, #144
  63 0032 DB05     		lsl	r3, r3, #23
  64 0034 196C     		ldr	r1, [r3, #64]
  65 0036 0F23     		mov	r3, #15
  66 0038 0B40     		and	r3, r1
  67 003a 1A43     		orr	r2, r3
  68 003c 3B1C     		mov	r3, r7
  69 003e 1A60     		str	r2, [r3]
 104:../Dave/Generated/src/DAVESupport/MULTIPLEXER.c ****     WR_REG(USIC0_CH0->CCR, USIC_CH_CCR_MODE_Msk, USIC_CH_CCR_MODE_Pos,0);  
  70              		.loc 1 104 0
  71 0040 9023     		mov	r3, #144
  72 0042 DB05     		lsl	r3, r3, #23
  73 0044 9022     		mov	r2, #144
  74 0046 D205     		lsl	r2, r2, #23
  75 0048 126C     		ldr	r2, [r2, #64]
  76 004a 0F21     		mov	r1, #15
  77 004c 8A43     		bic	r2, r1
  78 004e 1A64     		str	r2, [r3, #64]
 105:../Dave/Generated/src/DAVESupport/MULTIPLEXER.c ****                         
 106:../Dave/Generated/src/DAVESupport/MULTIPLEXER.c ****       
 107:../Dave/Generated/src/DAVESupport/MULTIPLEXER.c ****     						
 108:../Dave/Generated/src/DAVESupport/MULTIPLEXER.c ****    /*USIC 0 Channel 0 Mux Related SFR/Bitfields Configurations*/ 						         
 109:../Dave/Generated/src/DAVESupport/MULTIPLEXER.c ****  WR_REG(USIC0_CH0->DX0CR, USIC_CH_DX0CR_DSEL_Msk, USIC_CH_DX0CR_DSEL_Pos,6); 
  79              		.loc 1 109 0
  80 0050 9023     		mov	r3, #144
  81 0052 DB05     		lsl	r3, r3, #23
  82 0054 9022     		mov	r2, #144
  83 0056 D205     		lsl	r2, r2, #23
  84 0058 D269     		ldr	r2, [r2, #28]
  85 005a 0721     		mov	r1, #7
  86 005c 8A43     		bic	r2, r1
  87 005e 0621     		mov	r1, #6
  88 0060 0A43     		orr	r2, r1
  89 0062 DA61     		str	r2, [r3, #28]
 110:../Dave/Generated/src/DAVESupport/MULTIPLEXER.c ****   			  					 				 				 		       				              				  					    					 					   				  					 				 			
 111:../Dave/Generated/src/DAVESupport/MULTIPLEXER.c ****  //Standard transmit buffer event is enabled.                 
 112:../Dave/Generated/src/DAVESupport/MULTIPLEXER.c ****  WR_REG(USIC0_CH0->TBCTR, USIC_CH_TBCTR_STBIEN_Msk, USIC_CH_TBCTR_STBIEN_Pos,1);
  90              		.loc 1 112 0
  91 0064 9023     		mov	r3, #144
  92 0066 DA05     		lsl	r2, r3, #23
  93 0068 9023     		mov	r3, #144
  94 006a D905     		lsl	r1, r3, #23
  95 006c 8423     		mov	r3, #132
  96 006e 5B00     		lsl	r3, r3, #1
  97 0070 CB58     		ldr	r3, [r1, r3]
  98 0072 8021     		mov	r1, #128
  99 0074 C905     		lsl	r1, r1, #23
 100 0076 1943     		orr	r1, r3
 101 0078 8423     		mov	r3, #132
 102 007a 5B00     		lsl	r3, r3, #1
 103 007c D150     		str	r1, [r2, r3]
 113:../Dave/Generated/src/DAVESupport/MULTIPLEXER.c ****     				  					    
 114:../Dave/Generated/src/DAVESupport/MULTIPLEXER.c ****  //Standard receive buffer event is enabled.                 
 115:../Dave/Generated/src/DAVESupport/MULTIPLEXER.c ****  WR_REG(USIC0_CH0->RBCTR, USIC_CH_RBCTR_SRBIEN_Msk, USIC_CH_RBCTR_SRBIEN_Pos,1);  
 104              		.loc 1 115 0
 105 007e 9023     		mov	r3, #144
 106 0080 DA05     		lsl	r2, r3, #23
 107 0082 9023     		mov	r3, #144
 108 0084 D905     		lsl	r1, r3, #23
 109 0086 8623     		mov	r3, #134
 110 0088 5B00     		lsl	r3, r3, #1
 111 008a CB58     		ldr	r3, [r1, r3]
 112 008c 8021     		mov	r1, #128
 113 008e C905     		lsl	r1, r1, #23
 114 0090 1943     		orr	r1, r3
 115 0092 8623     		mov	r3, #134
 116 0094 5B00     		lsl	r3, r3, #1
 117 0096 D150     		str	r1, [r2, r3]
 116:../Dave/Generated/src/DAVESupport/MULTIPLEXER.c ****  					 									 					 					  									      					                
 117:../Dave/Generated/src/DAVESupport/MULTIPLEXER.c ****  //Interrupt node 1 is selected for Standard transmit buffer event                
 118:../Dave/Generated/src/DAVESupport/MULTIPLEXER.c ****  WR_REG(USIC0_CH0->TBCTR, USIC_CH_TBCTR_STBINP_Msk, USIC_CH_TBCTR_STBINP_Pos,1);
 118              		.loc 1 118 0
 119 0098 9023     		mov	r3, #144
 120 009a DA05     		lsl	r2, r3, #23
 121 009c 9023     		mov	r3, #144
 122 009e D905     		lsl	r1, r3, #23
 123 00a0 8423     		mov	r3, #132
 124 00a2 5B00     		lsl	r3, r3, #1
 125 00a4 C958     		ldr	r1, [r1, r3]
 126 00a6 284B     		ldr	r3, .L2
 127 00a8 0B40     		and	r3, r1
 128 00aa 8021     		mov	r1, #128
 129 00ac 4902     		lsl	r1, r1, #9
 130 00ae 1943     		orr	r1, r3
 131 00b0 8423     		mov	r3, #132
 132 00b2 5B00     		lsl	r3, r3, #1
 133 00b4 D150     		str	r1, [r2, r3]
 119:../Dave/Generated/src/DAVESupport/MULTIPLEXER.c ****     					  						    					      
 120:../Dave/Generated/src/DAVESupport/MULTIPLEXER.c ****                  
 121:../Dave/Generated/src/DAVESupport/MULTIPLEXER.c ****    // Data Pointer & Buffer Size for Transmitter Buffer Control  
 122:../Dave/Generated/src/DAVESupport/MULTIPLEXER.c ****  WR_REG(USIC0_CH0->TBCTR, USIC_CH_TBCTR_DPTRSIZE_Msk, USIC_CH_TBCTR_DPTRSIZE_Pos,0x01000002);		/*  
 134              		.loc 1 122 0
 135 00b6 9023     		mov	r3, #144
 136 00b8 DA05     		lsl	r2, r3, #23
 137 00ba 9023     		mov	r3, #144
 138 00bc D905     		lsl	r1, r3, #23
 139 00be 8423     		mov	r3, #132
 140 00c0 5B00     		lsl	r3, r3, #1
 141 00c2 C958     		ldr	r1, [r1, r3]
 142 00c4 214B     		ldr	r3, .L2+4
 143 00c6 0B40     		and	r3, r1
 144 00c8 2149     		ldr	r1, .L2+8
 145 00ca 1943     		orr	r1, r3
 146 00cc 8423     		mov	r3, #132
 147 00ce 5B00     		lsl	r3, r3, #1
 148 00d0 D150     		str	r1, [r2, r3]
 123:../Dave/Generated/src/DAVESupport/MULTIPLEXER.c ****          
 124:../Dave/Generated/src/DAVESupport/MULTIPLEXER.c ****   // Data Pointer & Buffer Size for Receiver Buffer Control  
 125:../Dave/Generated/src/DAVESupport/MULTIPLEXER.c ****  WR_REG(USIC0_CH0->RBCTR, USIC_CH_RBCTR_DPTRSIZE_Msk, USIC_CH_RBCTR_DPTRSIZE_Pos,0x01000000);		/*  
 149              		.loc 1 125 0
 150 00d2 9023     		mov	r3, #144
 151 00d4 DA05     		lsl	r2, r3, #23
 152 00d6 9023     		mov	r3, #144
 153 00d8 D905     		lsl	r1, r3, #23
 154 00da 8623     		mov	r3, #134
 155 00dc 5B00     		lsl	r3, r3, #1
 156 00de C958     		ldr	r1, [r1, r3]
 157 00e0 1A4B     		ldr	r3, .L2+4
 158 00e2 0B40     		and	r3, r1
 159 00e4 8021     		mov	r1, #128
 160 00e6 4904     		lsl	r1, r1, #17
 161 00e8 1943     		orr	r1, r3
 162 00ea 8623     		mov	r3, #134
 163 00ec 5B00     		lsl	r3, r3, #1
 164 00ee D150     		str	r1, [r2, r3]
 126:../Dave/Generated/src/DAVESupport/MULTIPLEXER.c ****  						
 127:../Dave/Generated/src/DAVESupport/MULTIPLEXER.c ****    /*USIC 0 Channel 1 Mux Related SFR/Bitfields Configurations*/ 									  					 				 				 		     
 128:../Dave/Generated/src/DAVESupport/MULTIPLEXER.c ****          						
 129:../Dave/Generated/src/DAVESupport/MULTIPLEXER.c ****    /*USIC 1 Channel 0 Mux Related SFR/Bitfields Configurations*/ 									  					 				 				 		     
 130:../Dave/Generated/src/DAVESupport/MULTIPLEXER.c ****        						
 131:../Dave/Generated/src/DAVESupport/MULTIPLEXER.c ****    /*USIC 1 Channel 1 Mux Related SFR/Bitfields Configurations*/ 									  					 				 				 		     
 132:../Dave/Generated/src/DAVESupport/MULTIPLEXER.c ****          						
 133:../Dave/Generated/src/DAVESupport/MULTIPLEXER.c ****    /*USIC 2 Channel 0 Mux Related SFR/Bitfields Configurations*/ 									  					 				 				 		     
 134:../Dave/Generated/src/DAVESupport/MULTIPLEXER.c ****        						
 135:../Dave/Generated/src/DAVESupport/MULTIPLEXER.c ****    /*USIC 2 Channel 1 Mux Related SFR/Bitfields Configurations*/ 									  					 				 				 		     
 136:../Dave/Generated/src/DAVESupport/MULTIPLEXER.c ****          
 137:../Dave/Generated/src/DAVESupport/MULTIPLEXER.c ****   
 138:../Dave/Generated/src/DAVESupport/MULTIPLEXER.c ****   /* Enable mode after configuring all USIC registers to avoid unintended edges */  
 139:../Dave/Generated/src/DAVESupport/MULTIPLEXER.c ****             
 140:../Dave/Generated/src/DAVESupport/MULTIPLEXER.c ****    WR_REG(USIC0_CH0->CCR, USIC_CH_CCR_MODE_Msk, USIC_CH_CCR_MODE_Pos,UsicCcrMode[0]); 
 165              		.loc 1 140 0
 166 00f0 9023     		mov	r3, #144
 167 00f2 DB05     		lsl	r3, r3, #23
 168 00f4 3A1C     		mov	r2, r7
 169 00f6 1168     		ldr	r1, [r2]
 170 00f8 0F22     		mov	r2, #15
 171 00fa 1140     		and	r1, r2
 172 00fc 9022     		mov	r2, #144
 173 00fe D205     		lsl	r2, r2, #23
 174 0100 126C     		ldr	r2, [r2, #64]
 175 0102 0F20     		mov	r0, #15
 176 0104 8243     		bic	r2, r0
 177 0106 0A43     		orr	r2, r1
 178 0108 1A64     		str	r2, [r3, #64]
 141:../Dave/Generated/src/DAVESupport/MULTIPLEXER.c ****                    	         
 142:../Dave/Generated/src/DAVESupport/MULTIPLEXER.c ****                                                      
 143:../Dave/Generated/src/DAVESupport/MULTIPLEXER.c ****    	 
 144:../Dave/Generated/src/DAVESupport/MULTIPLEXER.c ****             	         
 145:../Dave/Generated/src/DAVESupport/MULTIPLEXER.c ****                                                      
 146:../Dave/Generated/src/DAVESupport/MULTIPLEXER.c ****    	 
 147:../Dave/Generated/src/DAVESupport/MULTIPLEXER.c ****             	         
 148:../Dave/Generated/src/DAVESupport/MULTIPLEXER.c ****                                                  
 149:../Dave/Generated/src/DAVESupport/MULTIPLEXER.c **** 
 150:../Dave/Generated/src/DAVESupport/MULTIPLEXER.c **** /*        PORT Macro definitions for IOCR_OE, IOCR_PCR & HWSEL_HW     */                           
 151:../Dave/Generated/src/DAVESupport/MULTIPLEXER.c ****   WR_REG(PORT1->IOCR0, PORT_IOCR_PC0_OE_Msk, PORT_IOCR_PC0_OE_Pos, PORT_IOCR_OE1);                /
 179              		.loc 1 151 0
 180 010a 124B     		ldr	r3, .L2+12
 181 010c 114A     		ldr	r2, .L2+12
 182 010e 1269     		ldr	r2, [r2, #16]
 183 0110 8021     		mov	r1, #128
 184 0112 0A43     		orr	r2, r1
 185 0114 1A61     		str	r2, [r3, #16]
 152:../Dave/Generated/src/DAVESupport/MULTIPLEXER.c **** 					                         
 153:../Dave/Generated/src/DAVESupport/MULTIPLEXER.c ****   WR_REG(PORT1->IOCR0, PORT_IOCR_PC1_OE_Msk, PORT_IOCR_PC1_OE_Pos, PORT_IOCR_OE1);                /
 186              		.loc 1 153 0
 187 0116 0F4B     		ldr	r3, .L2+12
 188 0118 0E4A     		ldr	r2, .L2+12
 189 011a 1269     		ldr	r2, [r2, #16]
 190 011c 8021     		mov	r1, #128
 191 011e 0902     		lsl	r1, r1, #8
 192 0120 0A43     		orr	r2, r1
 193 0122 1A61     		str	r2, [r3, #16]
 154:../Dave/Generated/src/DAVESupport/MULTIPLEXER.c **** 					  
 155:../Dave/Generated/src/DAVESupport/MULTIPLEXER.c ****            
 156:../Dave/Generated/src/DAVESupport/MULTIPLEXER.c ****   WR_REG(PORT2->PDISC, PORT2_PDISC_PDIS1_Msk, PORT2_PDISC_PDIS1_Pos, PORT_PDISC_PDIS0);            
 194              		.loc 1 156 0
 195 0124 0C4B     		ldr	r3, .L2+16
 196 0126 0C4A     		ldr	r2, .L2+16
 197 0128 126E     		ldr	r2, [r2, #96]
 198 012a 0221     		mov	r1, #2
 199 012c 8A43     		bic	r2, r1
 200 012e 1A66     		str	r2, [r3, #96]
 157:../Dave/Generated/src/DAVESupport/MULTIPLEXER.c ****   WR_REG(PORT2->IOCR0, 0xb800U, PORT_IOCR_PC1_PCR_Pos, 0x16U);                /*P2.1 : PORT2_IOCR0_
 201              		.loc 1 157 0
 202 0130 094B     		ldr	r3, .L2+16
 203 0132 094A     		ldr	r2, .L2+16
 204 0134 1169     		ldr	r1, [r2, #16]
 205 0136 094A     		ldr	r2, .L2+20
 206 0138 0A40     		and	r2, r1
 207 013a B021     		mov	r1, #176
 208 013c 0902     		lsl	r1, r1, #8
 209 013e 0A43     		orr	r2, r1
 210 0140 1A61     		str	r2, [r3, #16]
 158:../Dave/Generated/src/DAVESupport/MULTIPLEXER.c **** 					      
 159:../Dave/Generated/src/DAVESupport/MULTIPLEXER.c **** }
 211              		.loc 1 159 0
 212 0142 BD46     		mov	sp, r7
 213 0144 06B0     		add	sp, sp, #24
 214              		@ sp needed for prologue
 215 0146 80BD     		pop	{r7, pc}
 216              	.L3:
 217              		.align	2
 218              	.L2:
 219 0148 FFFFF8FF 		.word	-458753
 220 014c C0FFFFF8 		.word	-117440576
 221 0150 02000001 		.word	16777218
 222 0154 00010440 		.word	1074004224
 223 0158 00020440 		.word	1074004480
 224 015c FF47FFFF 		.word	-47105
 225              		.cfi_endproc
 226              	.LFE38:
 228              		.section	.text.DAVE_MUX_PreInit,"ax",%progbits
 229              		.align	2
 230              		.global	DAVE_MUX_PreInit
 231              		.code	16
 232              		.thumb_func
 234              	DAVE_MUX_PreInit:
 235              	.LFB39:
 160:../Dave/Generated/src/DAVESupport/MULTIPLEXER.c **** 
 161:../Dave/Generated/src/DAVESupport/MULTIPLEXER.c **** 
 162:../Dave/Generated/src/DAVESupport/MULTIPLEXER.c **** /*******************************************************************************
 163:../Dave/Generated/src/DAVESupport/MULTIPLEXER.c **** ** Syntax           : void DAVE_MUX_PreInit(void)                             **
 164:../Dave/Generated/src/DAVESupport/MULTIPLEXER.c **** **                                                                            **
 165:../Dave/Generated/src/DAVESupport/MULTIPLEXER.c **** ** Reentrancy       : None                                                    **
 166:../Dave/Generated/src/DAVESupport/MULTIPLEXER.c **** **                                                                            **
 167:../Dave/Generated/src/DAVESupport/MULTIPLEXER.c **** ** Parameters (in)  : void                                                    **
 168:../Dave/Generated/src/DAVESupport/MULTIPLEXER.c **** **                                                                            **
 169:../Dave/Generated/src/DAVESupport/MULTIPLEXER.c **** ** Parameters (out) : none                                                    **
 170:../Dave/Generated/src/DAVESupport/MULTIPLEXER.c **** **                                                                            **
 171:../Dave/Generated/src/DAVESupport/MULTIPLEXER.c **** ** Return value     : none                                                    **
 172:../Dave/Generated/src/DAVESupport/MULTIPLEXER.c **** **                                                                            **
 173:../Dave/Generated/src/DAVESupport/MULTIPLEXER.c **** ** Description      : This is the Mux configuration                           **
 174:../Dave/Generated/src/DAVESupport/MULTIPLEXER.c **** **                                                                            **
 175:../Dave/Generated/src/DAVESupport/MULTIPLEXER.c **** *******************************************************************************/
 176:../Dave/Generated/src/DAVESupport/MULTIPLEXER.c ****  
 177:../Dave/Generated/src/DAVESupport/MULTIPLEXER.c **** void DAVE_MUX_PreInit(void)
 178:../Dave/Generated/src/DAVESupport/MULTIPLEXER.c **** {            
 236              		.loc 1 178 0
 237              		.cfi_startproc
 238 0000 80B5     		push	{r7, lr}
 239              	.LCFI3:
 240              		.cfi_def_cfa_offset 8
 241              		.cfi_offset 7, -8
 242              		.cfi_offset 14, -4
 243 0002 00AF     		add	r7, sp, #0
 244              	.LCFI4:
 245              		.cfi_def_cfa_register 7
 179:../Dave/Generated/src/DAVESupport/MULTIPLEXER.c **** 
 180:../Dave/Generated/src/DAVESupport/MULTIPLEXER.c **** /*        PORT Macro definitions for IOCR_OE, IOCR_PCR & HWSEL_HW     */               
 181:../Dave/Generated/src/DAVESupport/MULTIPLEXER.c ****            
 182:../Dave/Generated/src/DAVESupport/MULTIPLEXER.c ****   WR_REG(PORT2->PDISC, PORT2_PDISC_PDIS2_Msk, PORT2_PDISC_PDIS2_Pos, PORT_PDISC_PDIS0);            
 246              		.loc 1 182 0
 247 0004 034B     		ldr	r3, .L5
 248 0006 034A     		ldr	r2, .L5
 249 0008 126E     		ldr	r2, [r2, #96]
 250 000a 0421     		mov	r1, #4
 251 000c 8A43     		bic	r2, r1
 252 000e 1A66     		str	r2, [r3, #96]
 183:../Dave/Generated/src/DAVESupport/MULTIPLEXER.c **** }
 253              		.loc 1 183 0
 254 0010 BD46     		mov	sp, r7
 255              		@ sp needed for prologue
 256 0012 80BD     		pop	{r7, pc}
 257              	.L6:
 258              		.align	2
 259              	.L5:
 260 0014 00020440 		.word	1074004480
 261              		.cfi_endproc
 262              	.LFE39:
 264              		.text
 265              	.Letext0:
 266              		.file 2 "C:\\DAVE-3.1.10\\eclipse\\/../CMSIS/Infineon/XMC1100_series/Include/XMC1100.h"
 267              		.file 3 "c:\\dave-3.1.10\\arm-gcc\\bin\\../lib/gcc/arm-none-eabi/4.7.4/../../../../arm-none-eabi/i
DEFINED SYMBOLS
                            *ABS*:00000000 MULTIPLEXER.c
C:\Users\blinch\AppData\Local\Temp\ccmrX71e.s:18     .text.DAVE_MUX_Init:00000000 $t
C:\Users\blinch\AppData\Local\Temp\ccmrX71e.s:23     .text.DAVE_MUX_Init:00000000 DAVE_MUX_Init
C:\Users\blinch\AppData\Local\Temp\ccmrX71e.s:219    .text.DAVE_MUX_Init:00000148 $d
C:\Users\blinch\AppData\Local\Temp\ccmrX71e.s:229    .text.DAVE_MUX_PreInit:00000000 $t
C:\Users\blinch\AppData\Local\Temp\ccmrX71e.s:234    .text.DAVE_MUX_PreInit:00000000 DAVE_MUX_PreInit
C:\Users\blinch\AppData\Local\Temp\ccmrX71e.s:260    .text.DAVE_MUX_PreInit:00000014 $d
                     .debug_frame:00000010 $d
                           .group:00000000 wm4.1.4f34ab06ae2725aaf04d3230f4ec23a7
                           .group:00000000 wm4.XMC1100.h.45.7a7cd799d7738130fcda8b83b0aa37d4
                           .group:00000000 wm4.core_cm0.h.47.022e66414e77714da7c4b30b3ad99fe8
                           .group:00000000 wm4.newlib.h.8.a9901dc52d1357e3e94003403d43f8b5
                           .group:00000000 wm4.features.h.22.b72b3baab2bb2eab3661375590100b6b
                           .group:00000000 wm4.config.h.193.5fb8ef056cdff92dec3dee9552839d8c
                           .group:00000000 wm4._ansi.h.23.7aefdac4826acebbfc9f3822a0aeb14c
                           .group:00000000 wm4.stdint.h.20.54ad762faa59e3c05491630641c8d8bf
                           .group:00000000 wm4.core_cmInstr.h.39.b7b6650bdd2316848d940915272d75b8
                           .group:00000000 wm4.core_cm0.h.135.ca70469f87e143609670bb393bfa6518
                           .group:00000000 wm4.XMC1000_RomFunctionTable.h.31.6d9a94465618f31b040dc9cea9a47ad7
                           .group:00000000 wm4.XMC1100.h.114.be3711f71ee045884346be801053f4c0
                           .group:00000000 wm4.stddef.h.40.50cf36416e06376af8a9dca28536f2e4
                           .group:00000000 wm4.types.h.60.e75c47576398c648cdcf9000ace5e3d8
                           .group:00000000 wm4.MULTIPLEXER.h.46.383e3edbb9cbf6e538f7c1532ef623c1
                           .group:00000000 wm4.uc_id.h.35.eaf9b374d895319eacbb56387e04af18
                           .group:00000000 wm4.Usic.h.90.22743468abc46f16747d12430b219aaf
                           .group:00000000 wm4.UART001_Conf.h.53.2b978016b2a1b3f7530722d205f97ea7
                           .group:00000000 wm4.UART001.h.109.3e835815a7a59791d8bd39655f4d4cc9
                           .group:00000000 wm4.IO004.h.53.442ea5eb47ad9eedc675253aa35f3107
                           .group:00000000 wm4.SYSTM001.h.64.af8873ad2b760a8c44fafec70d7e8a7e
                           .group:00000000 wm4.NVIC002_Conf.h.63.641a9396c52c65009d6d8e781079fdb4

NO UNDEFINED SYMBOLS
